CRITICAL - 2021-11-27 22:39:54 --> syntax error, unexpected '}', expecting ';' or ','
#0 /Applications/MAMP/htdocs/ci/system/Router/Router.php(176): CodeIgniter\Router\Router->autoRoute('InvoiceDetails')
#1 /Applications/MAMP/htdocs/ci/system/CodeIgniter.php(718): CodeIgniter\Router\Router->handle('InvoiceDetails')
#2 /Applications/MAMP/htdocs/ci/system/CodeIgniter.php(359): CodeIgniter\CodeIgniter->tryToRouteIt(Object(CodeIgniter\Router\RouteCollection))
#3 /Applications/MAMP/htdocs/ci/system/CodeIgniter.php(318): CodeIgniter\CodeIgniter->handleRequest(NULL, Object(Config\Cache), false)
#4 /Applications/MAMP/htdocs/ci/public/index.php(37): CodeIgniter\CodeIgniter->run()
#5 {main}
CRITICAL - 2021-11-27 23:05:51 --> syntax error, unexpected '}', expecting ';'
#0 /Applications/MAMP/htdocs/ci/system/Router/Router.php(176): CodeIgniter\Router\Router->autoRoute('Invoice')
#1 /Applications/MAMP/htdocs/ci/system/CodeIgniter.php(718): CodeIgniter\Router\Router->handle('Invoice')
#2 /Applications/MAMP/htdocs/ci/system/CodeIgniter.php(359): CodeIgniter\CodeIgniter->tryToRouteIt(Object(CodeIgniter\Router\RouteCollection))
#3 /Applications/MAMP/htdocs/ci/system/CodeIgniter.php(318): CodeIgniter\CodeIgniter->handleRequest(NULL, Object(Config\Cache), false)
#4 /Applications/MAMP/htdocs/ci/index.php(37): CodeIgniter\CodeIgniter->run()
#5 {main}
CRITICAL - 2021-11-27 23:05:53 --> syntax error, unexpected '}', expecting ';'
#0 /Applications/MAMP/htdocs/ci/system/Router/Router.php(176): CodeIgniter\Router\Router->autoRoute('Invoice')
#1 /Applications/MAMP/htdocs/ci/system/CodeIgniter.php(718): CodeIgniter\Router\Router->handle('Invoice')
#2 /Applications/MAMP/htdocs/ci/system/CodeIgniter.php(359): CodeIgniter\CodeIgniter->tryToRouteIt(Object(CodeIgniter\Router\RouteCollection))
#3 /Applications/MAMP/htdocs/ci/system/CodeIgniter.php(318): CodeIgniter\CodeIgniter->handleRequest(NULL, Object(Config\Cache), false)
#4 /Applications/MAMP/htdocs/ci/index.php(37): CodeIgniter\CodeIgniter->run()
#5 {main}
CRITICAL - 2021-11-27 23:06:05 --> syntax error, unexpected '}', expecting ';'
#0 /Applications/MAMP/htdocs/ci/system/Autoloader/Autoloader.php(241): CodeIgniter\Autoloader\Autoloader->includeFile('/Applications/M...')
#1 /Applications/MAMP/htdocs/ci/system/Autoloader/Autoloader.php(219): CodeIgniter\Autoloader\Autoloader->loadInNamespace('App\\Controllers...')
#2 [internal function]: CodeIgniter\Autoloader\Autoloader->loadClass('App\\Controllers...')
#3 [internal function]: spl_autoload_call('App\\Controllers...')
#4 /Applications/MAMP/htdocs/ci/system/CodeIgniter.php(789): class_exists('\\App\\Controller...', true)
#5 /Applications/MAMP/htdocs/ci/system/CodeIgniter.php(397): CodeIgniter\CodeIgniter->startController()
#6 /Applications/MAMP/htdocs/ci/system/CodeIgniter.php(318): CodeIgniter\CodeIgniter->handleRequest(NULL, Object(Config\Cache), false)
#7 /Applications/MAMP/htdocs/ci/index.php(37): CodeIgniter\CodeIgniter->run()
#8 {main}
CRITICAL - 2021-11-27 23:07:57 --> syntax error, unexpected '}', expecting ';'
#0 /Applications/MAMP/htdocs/ci/system/Autoloader/Autoloader.php(241): CodeIgniter\Autoloader\Autoloader->includeFile('/Applications/M...')
#1 /Applications/MAMP/htdocs/ci/system/Autoloader/Autoloader.php(219): CodeIgniter\Autoloader\Autoloader->loadInNamespace('App\\Controllers...')
#2 [internal function]: CodeIgniter\Autoloader\Autoloader->loadClass('App\\Controllers...')
#3 [internal function]: spl_autoload_call('App\\Controllers...')
#4 /Applications/MAMP/htdocs/ci/system/CodeIgniter.php(789): class_exists('\\App\\Controller...', true)
#5 /Applications/MAMP/htdocs/ci/system/CodeIgniter.php(397): CodeIgniter\CodeIgniter->startController()
#6 /Applications/MAMP/htdocs/ci/system/CodeIgniter.php(318): CodeIgniter\CodeIgniter->handleRequest(NULL, Object(Config\Cache), false)
#7 /Applications/MAMP/htdocs/ci/index.php(37): CodeIgniter\CodeIgniter->run()
#8 {main}
CRITICAL - 2021-11-27 23:10:02 --> syntax error, unexpected '}', expecting ';'
#0 /Applications/MAMP/htdocs/ci/system/Autoloader/Autoloader.php(241): CodeIgniter\Autoloader\Autoloader->includeFile('/Applications/M...')
#1 /Applications/MAMP/htdocs/ci/system/Autoloader/Autoloader.php(219): CodeIgniter\Autoloader\Autoloader->loadInNamespace('App\\Controllers...')
#2 [internal function]: CodeIgniter\Autoloader\Autoloader->loadClass('App\\Controllers...')
#3 [internal function]: spl_autoload_call('App\\Controllers...')
#4 /Applications/MAMP/htdocs/ci/system/CodeIgniter.php(789): class_exists('\\App\\Controller...', true)
#5 /Applications/MAMP/htdocs/ci/system/CodeIgniter.php(397): CodeIgniter\CodeIgniter->startController()
#6 /Applications/MAMP/htdocs/ci/system/CodeIgniter.php(318): CodeIgniter\CodeIgniter->handleRequest(NULL, Object(Config\Cache), false)
#7 /Applications/MAMP/htdocs/ci/index.php(37): CodeIgniter\CodeIgniter->run()
#8 {main}
CRITICAL - 2021-11-27 23:10:12 --> syntax error, unexpected '}', expecting ';'
#0 /Applications/MAMP/htdocs/ci/system/Autoloader/Autoloader.php(241): CodeIgniter\Autoloader\Autoloader->includeFile('/Applications/M...')
#1 /Applications/MAMP/htdocs/ci/system/Autoloader/Autoloader.php(219): CodeIgniter\Autoloader\Autoloader->loadInNamespace('App\\Controllers...')
#2 [internal function]: CodeIgniter\Autoloader\Autoloader->loadClass('App\\Controllers...')
#3 [internal function]: spl_autoload_call('App\\Controllers...')
#4 /Applications/MAMP/htdocs/ci/system/CodeIgniter.php(789): class_exists('\\App\\Controller...', true)
#5 /Applications/MAMP/htdocs/ci/system/CodeIgniter.php(397): CodeIgniter\CodeIgniter->startController()
#6 /Applications/MAMP/htdocs/ci/system/CodeIgniter.php(318): CodeIgniter\CodeIgniter->handleRequest(NULL, Object(Config\Cache), false)
#7 /Applications/MAMP/htdocs/ci/index.php(37): CodeIgniter\CodeIgniter->run()
#8 {main}
CRITICAL - 2021-11-27 23:11:30 --> syntax error, unexpected '}', expecting ';'
#0 /Applications/MAMP/htdocs/ci/system/Autoloader/Autoloader.php(241): CodeIgniter\Autoloader\Autoloader->includeFile('/Applications/M...')
#1 /Applications/MAMP/htdocs/ci/system/Autoloader/Autoloader.php(219): CodeIgniter\Autoloader\Autoloader->loadInNamespace('App\\Controllers...')
#2 [internal function]: CodeIgniter\Autoloader\Autoloader->loadClass('App\\Controllers...')
#3 [internal function]: spl_autoload_call('App\\Controllers...')
#4 /Applications/MAMP/htdocs/ci/system/CodeIgniter.php(789): class_exists('\\App\\Controller...', true)
#5 /Applications/MAMP/htdocs/ci/system/CodeIgniter.php(397): CodeIgniter\CodeIgniter->startController()
#6 /Applications/MAMP/htdocs/ci/system/CodeIgniter.php(318): CodeIgniter\CodeIgniter->handleRequest(NULL, Object(Config\Cache), false)
#7 /Applications/MAMP/htdocs/ci/index.php(37): CodeIgniter\CodeIgniter->run()
#8 {main}
CRITICAL - 2021-11-27 23:11:54 --> syntax error, unexpected '}', expecting ';'
#0 /Applications/MAMP/htdocs/ci/system/Autoloader/Autoloader.php(241): CodeIgniter\Autoloader\Autoloader->includeFile('/Applications/M...')
#1 /Applications/MAMP/htdocs/ci/system/Autoloader/Autoloader.php(219): CodeIgniter\Autoloader\Autoloader->loadInNamespace('App\\Controllers...')
#2 [internal function]: CodeIgniter\Autoloader\Autoloader->loadClass('App\\Controllers...')
#3 [internal function]: spl_autoload_call('App\\Controllers...')
#4 /Applications/MAMP/htdocs/ci/system/CodeIgniter.php(789): class_exists('\\App\\Controller...', true)
#5 /Applications/MAMP/htdocs/ci/system/CodeIgniter.php(397): CodeIgniter\CodeIgniter->startController()
#6 /Applications/MAMP/htdocs/ci/system/CodeIgniter.php(318): CodeIgniter\CodeIgniter->handleRequest(NULL, Object(Config\Cache), false)
#7 /Applications/MAMP/htdocs/ci/index.php(37): CodeIgniter\CodeIgniter->run()
#8 {main}
CRITICAL - 2021-11-27 23:12:17 --> syntax error, unexpected '}', expecting ';'
#0 /Applications/MAMP/htdocs/ci/system/Autoloader/Autoloader.php(241): CodeIgniter\Autoloader\Autoloader->includeFile('/Applications/M...')
#1 /Applications/MAMP/htdocs/ci/system/Autoloader/Autoloader.php(219): CodeIgniter\Autoloader\Autoloader->loadInNamespace('App\\Controllers...')
#2 [internal function]: CodeIgniter\Autoloader\Autoloader->loadClass('App\\Controllers...')
#3 [internal function]: spl_autoload_call('App\\Controllers...')
#4 /Applications/MAMP/htdocs/ci/system/CodeIgniter.php(789): class_exists('\\App\\Controller...', true)
#5 /Applications/MAMP/htdocs/ci/system/CodeIgniter.php(397): CodeIgniter\CodeIgniter->startController()
#6 /Applications/MAMP/htdocs/ci/system/CodeIgniter.php(318): CodeIgniter\CodeIgniter->handleRequest(NULL, Object(Config\Cache), false)
#7 /Applications/MAMP/htdocs/ci/index.php(37): CodeIgniter\CodeIgniter->run()
#8 {main}
CRITICAL - 2021-11-27 23:12:18 --> syntax error, unexpected '}', expecting ';'
#0 /Applications/MAMP/htdocs/ci/system/Autoloader/Autoloader.php(241): CodeIgniter\Autoloader\Autoloader->includeFile('/Applications/M...')
#1 /Applications/MAMP/htdocs/ci/system/Autoloader/Autoloader.php(219): CodeIgniter\Autoloader\Autoloader->loadInNamespace('App\\Controllers...')
#2 [internal function]: CodeIgniter\Autoloader\Autoloader->loadClass('App\\Controllers...')
#3 [internal function]: spl_autoload_call('App\\Controllers...')
#4 /Applications/MAMP/htdocs/ci/system/CodeIgniter.php(789): class_exists('\\App\\Controller...', true)
#5 /Applications/MAMP/htdocs/ci/system/CodeIgniter.php(397): CodeIgniter\CodeIgniter->startController()
#6 /Applications/MAMP/htdocs/ci/system/CodeIgniter.php(318): CodeIgniter\CodeIgniter->handleRequest(NULL, Object(Config\Cache), false)
#7 /Applications/MAMP/htdocs/ci/index.php(37): CodeIgniter\CodeIgniter->run()
#8 {main}
CRITICAL - 2021-11-27 23:12:18 --> syntax error, unexpected '}', expecting ';'
#0 /Applications/MAMP/htdocs/ci/system/Autoloader/Autoloader.php(241): CodeIgniter\Autoloader\Autoloader->includeFile('/Applications/M...')
#1 /Applications/MAMP/htdocs/ci/system/Autoloader/Autoloader.php(219): CodeIgniter\Autoloader\Autoloader->loadInNamespace('App\\Controllers...')
#2 [internal function]: CodeIgniter\Autoloader\Autoloader->loadClass('App\\Controllers...')
#3 [internal function]: spl_autoload_call('App\\Controllers...')
#4 /Applications/MAMP/htdocs/ci/system/CodeIgniter.php(789): class_exists('\\App\\Controller...', true)
#5 /Applications/MAMP/htdocs/ci/system/CodeIgniter.php(397): CodeIgniter\CodeIgniter->startController()
#6 /Applications/MAMP/htdocs/ci/system/CodeIgniter.php(318): CodeIgniter\CodeIgniter->handleRequest(NULL, Object(Config\Cache), false)
#7 /Applications/MAMP/htdocs/ci/index.php(37): CodeIgniter\CodeIgniter->run()
#8 {main}
CRITICAL - 2021-11-27 23:12:19 --> syntax error, unexpected '}', expecting ';'
#0 /Applications/MAMP/htdocs/ci/system/Autoloader/Autoloader.php(241): CodeIgniter\Autoloader\Autoloader->includeFile('/Applications/M...')
#1 /Applications/MAMP/htdocs/ci/system/Autoloader/Autoloader.php(219): CodeIgniter\Autoloader\Autoloader->loadInNamespace('App\\Controllers...')
#2 [internal function]: CodeIgniter\Autoloader\Autoloader->loadClass('App\\Controllers...')
#3 [internal function]: spl_autoload_call('App\\Controllers...')
#4 /Applications/MAMP/htdocs/ci/system/CodeIgniter.php(789): class_exists('\\App\\Controller...', true)
#5 /Applications/MAMP/htdocs/ci/system/CodeIgniter.php(397): CodeIgniter\CodeIgniter->startController()
#6 /Applications/MAMP/htdocs/ci/system/CodeIgniter.php(318): CodeIgniter\CodeIgniter->handleRequest(NULL, Object(Config\Cache), false)
#7 /Applications/MAMP/htdocs/ci/index.php(37): CodeIgniter\CodeIgniter->run()
#8 {main}
CRITICAL - 2021-11-27 23:12:28 --> syntax error, unexpected '}', expecting ';'
#0 /Applications/MAMP/htdocs/ci/system/Autoloader/Autoloader.php(241): CodeIgniter\Autoloader\Autoloader->includeFile('/Applications/M...')
#1 /Applications/MAMP/htdocs/ci/system/Autoloader/Autoloader.php(219): CodeIgniter\Autoloader\Autoloader->loadInNamespace('App\\Controllers...')
#2 [internal function]: CodeIgniter\Autoloader\Autoloader->loadClass('App\\Controllers...')
#3 [internal function]: spl_autoload_call('App\\Controllers...')
#4 /Applications/MAMP/htdocs/ci/system/CodeIgniter.php(789): class_exists('\\App\\Controller...', true)
#5 /Applications/MAMP/htdocs/ci/system/CodeIgniter.php(397): CodeIgniter\CodeIgniter->startController()
#6 /Applications/MAMP/htdocs/ci/system/CodeIgniter.php(318): CodeIgniter\CodeIgniter->handleRequest(NULL, Object(Config\Cache), false)
#7 /Applications/MAMP/htdocs/ci/index.php(37): CodeIgniter\CodeIgniter->run()
#8 {main}
CRITICAL - 2021-11-27 23:12:29 --> syntax error, unexpected '}', expecting ';'
#0 /Applications/MAMP/htdocs/ci/system/Autoloader/Autoloader.php(241): CodeIgniter\Autoloader\Autoloader->includeFile('/Applications/M...')
#1 /Applications/MAMP/htdocs/ci/system/Autoloader/Autoloader.php(219): CodeIgniter\Autoloader\Autoloader->loadInNamespace('App\\Controllers...')
#2 [internal function]: CodeIgniter\Autoloader\Autoloader->loadClass('App\\Controllers...')
#3 [internal function]: spl_autoload_call('App\\Controllers...')
#4 /Applications/MAMP/htdocs/ci/system/CodeIgniter.php(789): class_exists('\\App\\Controller...', true)
#5 /Applications/MAMP/htdocs/ci/system/CodeIgniter.php(397): CodeIgniter\CodeIgniter->startController()
#6 /Applications/MAMP/htdocs/ci/system/CodeIgniter.php(318): CodeIgniter\CodeIgniter->handleRequest(NULL, Object(Config\Cache), false)
#7 /Applications/MAMP/htdocs/ci/index.php(37): CodeIgniter\CodeIgniter->run()
#8 {main}
CRITICAL - 2021-11-27 23:12:31 --> syntax error, unexpected '}', expecting ';'
#0 /Applications/MAMP/htdocs/ci/system/Autoloader/Autoloader.php(241): CodeIgniter\Autoloader\Autoloader->includeFile('/Applications/M...')
#1 /Applications/MAMP/htdocs/ci/system/Autoloader/Autoloader.php(219): CodeIgniter\Autoloader\Autoloader->loadInNamespace('App\\Controllers...')
#2 [internal function]: CodeIgniter\Autoloader\Autoloader->loadClass('App\\Controllers...')
#3 [internal function]: spl_autoload_call('App\\Controllers...')
#4 /Applications/MAMP/htdocs/ci/system/CodeIgniter.php(789): class_exists('\\App\\Controller...', true)
#5 /Applications/MAMP/htdocs/ci/system/CodeIgniter.php(397): CodeIgniter\CodeIgniter->startController()
#6 /Applications/MAMP/htdocs/ci/system/CodeIgniter.php(318): CodeIgniter\CodeIgniter->handleRequest(NULL, Object(Config\Cache), false)
#7 /Applications/MAMP/htdocs/ci/index.php(37): CodeIgniter\CodeIgniter->run()
#8 {main}
CRITICAL - 2021-11-27 23:13:01 --> syntax error, unexpected '}', expecting ';'
#0 /Applications/MAMP/htdocs/ci/system/Autoloader/Autoloader.php(241): CodeIgniter\Autoloader\Autoloader->includeFile('/Applications/M...')
#1 /Applications/MAMP/htdocs/ci/system/Autoloader/Autoloader.php(219): CodeIgniter\Autoloader\Autoloader->loadInNamespace('App\\Controllers...')
#2 [internal function]: CodeIgniter\Autoloader\Autoloader->loadClass('App\\Controllers...')
#3 [internal function]: spl_autoload_call('App\\Controllers...')
#4 /Applications/MAMP/htdocs/ci/system/CodeIgniter.php(789): class_exists('\\App\\Controller...', true)
#5 /Applications/MAMP/htdocs/ci/system/CodeIgniter.php(397): CodeIgniter\CodeIgniter->startController()
#6 /Applications/MAMP/htdocs/ci/system/CodeIgniter.php(318): CodeIgniter\CodeIgniter->handleRequest(NULL, Object(Config\Cache), false)
#7 /Applications/MAMP/htdocs/ci/index.php(37): CodeIgniter\CodeIgniter->run()
#8 {main}
CRITICAL - 2021-11-27 23:21:39 --> Call to undefined function App\Controllers\prin_r()
#0 /Applications/MAMP/htdocs/ci/system/CodeIgniter.php(824): App\Controllers\InvoiceController->addInvoice()
#1 /Applications/MAMP/htdocs/ci/system/CodeIgniter.php(410): CodeIgniter\CodeIgniter->runController(Object(App\Controllers\InvoiceController))
#2 /Applications/MAMP/htdocs/ci/system/CodeIgniter.php(318): CodeIgniter\CodeIgniter->handleRequest(NULL, Object(Config\Cache), false)
#3 /Applications/MAMP/htdocs/ci/index.php(37): CodeIgniter\CodeIgniter->run()
#4 {main}
CRITICAL - 2021-11-27 23:35:00 --> syntax error, unexpected '(', expecting variable (T_VARIABLE)
#0 /Applications/MAMP/htdocs/ci/system/Autoloader/Autoloader.php(241): CodeIgniter\Autoloader\Autoloader->includeFile('/Applications/M...')
#1 /Applications/MAMP/htdocs/ci/system/Autoloader/Autoloader.php(219): CodeIgniter\Autoloader\Autoloader->loadInNamespace('App\\Controllers...')
#2 [internal function]: CodeIgniter\Autoloader\Autoloader->loadClass('App\\Controllers...')
#3 [internal function]: spl_autoload_call('App\\Controllers...')
#4 /Applications/MAMP/htdocs/ci/system/CodeIgniter.php(789): class_exists('\\App\\Controller...', true)
#5 /Applications/MAMP/htdocs/ci/system/CodeIgniter.php(397): CodeIgniter\CodeIgniter->startController()
#6 /Applications/MAMP/htdocs/ci/system/CodeIgniter.php(318): CodeIgniter\CodeIgniter->handleRequest(NULL, Object(Config\Cache), false)
#7 /Applications/MAMP/htdocs/ci/index.php(37): CodeIgniter\CodeIgniter->run()
#8 {main}
CRITICAL - 2021-11-27 23:35:03 --> syntax error, unexpected '(', expecting variable (T_VARIABLE)
#0 /Applications/MAMP/htdocs/ci/system/Autoloader/Autoloader.php(241): CodeIgniter\Autoloader\Autoloader->includeFile('/Applications/M...')
#1 /Applications/MAMP/htdocs/ci/system/Autoloader/Autoloader.php(219): CodeIgniter\Autoloader\Autoloader->loadInNamespace('App\\Controllers...')
#2 [internal function]: CodeIgniter\Autoloader\Autoloader->loadClass('App\\Controllers...')
#3 [internal function]: spl_autoload_call('App\\Controllers...')
#4 /Applications/MAMP/htdocs/ci/system/CodeIgniter.php(789): class_exists('\\App\\Controller...', true)
#5 /Applications/MAMP/htdocs/ci/system/CodeIgniter.php(397): CodeIgniter\CodeIgniter->startController()
#6 /Applications/MAMP/htdocs/ci/system/CodeIgniter.php(318): CodeIgniter\CodeIgniter->handleRequest(NULL, Object(Config\Cache), false)
#7 /Applications/MAMP/htdocs/ci/index.php(37): CodeIgniter\CodeIgniter->run()
#8 {main}
CRITICAL - 2021-11-27 23:35:34 --> Call to a member function addInvoiceItem() on null
#0 /Applications/MAMP/htdocs/ci/system/CodeIgniter.php(824): App\Controllers\InvoiceController->addInvoice()
#1 /Applications/MAMP/htdocs/ci/system/CodeIgniter.php(410): CodeIgniter\CodeIgniter->runController(Object(App\Controllers\InvoiceController))
#2 /Applications/MAMP/htdocs/ci/system/CodeIgniter.php(318): CodeIgniter\CodeIgniter->handleRequest(NULL, Object(Config\Cache), false)
#3 /Applications/MAMP/htdocs/ci/index.php(37): CodeIgniter\CodeIgniter->run()
#4 {main}
CRITICAL - 2021-11-27 23:41:31 --> Call to a member function addInvoiceItem() on null
#0 /Applications/MAMP/htdocs/ci/system/CodeIgniter.php(824): App\Controllers\InvoiceController->addInvoice()
#1 /Applications/MAMP/htdocs/ci/system/CodeIgniter.php(410): CodeIgniter\CodeIgniter->runController(Object(App\Controllers\InvoiceController))
#2 /Applications/MAMP/htdocs/ci/system/CodeIgniter.php(318): CodeIgniter\CodeIgniter->handleRequest(NULL, Object(Config\Cache), false)
#3 /Applications/MAMP/htdocs/ci/index.php(37): CodeIgniter\CodeIgniter->run()
#4 {main}
CRITICAL - 2021-11-27 23:41:45 --> Call to a member function addInvoiceItem() on null
#0 /Applications/MAMP/htdocs/ci/system/CodeIgniter.php(824): App\Controllers\InvoiceController->addInvoice()
#1 /Applications/MAMP/htdocs/ci/system/CodeIgniter.php(410): CodeIgniter\CodeIgniter->runController(Object(App\Controllers\InvoiceController))
#2 /Applications/MAMP/htdocs/ci/system/CodeIgniter.php(318): CodeIgniter\CodeIgniter->handleRequest(NULL, Object(Config\Cache), false)
#3 /Applications/MAMP/htdocs/ci/index.php(37): CodeIgniter\CodeIgniter->run()
#4 {main}
CRITICAL - 2021-11-27 23:42:05 --> syntax error, unexpected ';', expecting ')'
#0 /Applications/MAMP/htdocs/ci/system/Autoloader/Autoloader.php(241): CodeIgniter\Autoloader\Autoloader->includeFile('/Applications/M...')
#1 /Applications/MAMP/htdocs/ci/system/Autoloader/Autoloader.php(219): CodeIgniter\Autoloader\Autoloader->loadInNamespace('App\\Controllers...')
#2 [internal function]: CodeIgniter\Autoloader\Autoloader->loadClass('App\\Controllers...')
#3 [internal function]: spl_autoload_call('App\\Controllers...')
#4 /Applications/MAMP/htdocs/ci/system/CodeIgniter.php(789): class_exists('\\App\\Controller...', true)
#5 /Applications/MAMP/htdocs/ci/system/CodeIgniter.php(397): CodeIgniter\CodeIgniter->startController()
#6 /Applications/MAMP/htdocs/ci/system/CodeIgniter.php(318): CodeIgniter\CodeIgniter->handleRequest(NULL, Object(Config\Cache), false)
#7 /Applications/MAMP/htdocs/ci/index.php(37): CodeIgniter\CodeIgniter->run()
#8 {main}
CRITICAL - 2021-11-27 23:42:12 --> Call to a member function addInvoiceItem() on null
#0 /Applications/MAMP/htdocs/ci/system/CodeIgniter.php(824): App\Controllers\InvoiceController->addInvoice()
#1 /Applications/MAMP/htdocs/ci/system/CodeIgniter.php(410): CodeIgniter\CodeIgniter->runController(Object(App\Controllers\InvoiceController))
#2 /Applications/MAMP/htdocs/ci/system/CodeIgniter.php(318): CodeIgniter\CodeIgniter->handleRequest(NULL, Object(Config\Cache), false)
#3 /Applications/MAMP/htdocs/ci/index.php(37): CodeIgniter\CodeIgniter->run()
#4 {main}
CRITICAL - 2021-11-27 23:42:24 --> Call to a member function addInvoiceItem() on null
#0 /Applications/MAMP/htdocs/ci/system/CodeIgniter.php(824): App\Controllers\InvoiceController->addInvoice()
#1 /Applications/MAMP/htdocs/ci/system/CodeIgniter.php(410): CodeIgniter\CodeIgniter->runController(Object(App\Controllers\InvoiceController))
#2 /Applications/MAMP/htdocs/ci/system/CodeIgniter.php(318): CodeIgniter\CodeIgniter->handleRequest(NULL, Object(Config\Cache), false)
#3 /Applications/MAMP/htdocs/ci/index.php(37): CodeIgniter\CodeIgniter->run()
#4 {main}
CRITICAL - 2021-11-27 23:42:31 --> Call to a member function addInvoiceItem() on null
#0 /Applications/MAMP/htdocs/ci/system/CodeIgniter.php(824): App\Controllers\InvoiceController->addInvoice()
#1 /Applications/MAMP/htdocs/ci/system/CodeIgniter.php(410): CodeIgniter\CodeIgniter->runController(Object(App\Controllers\InvoiceController))
#2 /Applications/MAMP/htdocs/ci/system/CodeIgniter.php(318): CodeIgniter\CodeIgniter->handleRequest(NULL, Object(Config\Cache), false)
#3 /Applications/MAMP/htdocs/ci/index.php(37): CodeIgniter\CodeIgniter->run()
#4 {main}
CRITICAL - 2021-11-27 23:44:29 --> syntax error, unexpected 'protected' (T_PROTECTED), expecting ';' or ','
#0 /Applications/MAMP/htdocs/ci/system/Autoloader/Autoloader.php(241): CodeIgniter\Autoloader\Autoloader->includeFile('/Applications/M...')
#1 /Applications/MAMP/htdocs/ci/system/Autoloader/Autoloader.php(219): CodeIgniter\Autoloader\Autoloader->loadInNamespace('App\\Models\\Invo...')
#2 [internal function]: CodeIgniter\Autoloader\Autoloader->loadClass('App\\Models\\Invo...')
#3 /Applications/MAMP/htdocs/ci/app/Controllers/InvoiceController.php(14): spl_autoload_call('App\\Models\\Invo...')
#4 /Applications/MAMP/htdocs/ci/system/CodeIgniter.php(801): App\Controllers\InvoiceController->__construct()
#5 /Applications/MAMP/htdocs/ci/system/CodeIgniter.php(401): CodeIgniter\CodeIgniter->createController()
#6 /Applications/MAMP/htdocs/ci/system/CodeIgniter.php(318): CodeIgniter\CodeIgniter->handleRequest(NULL, Object(Config\Cache), false)
#7 /Applications/MAMP/htdocs/ci/index.php(37): CodeIgniter\CodeIgniter->run()
#8 {main}
CRITICAL - 2021-11-27 23:44:35 --> syntax error, unexpected 'protected' (T_PROTECTED), expecting ';' or ','
#0 /Applications/MAMP/htdocs/ci/system/Autoloader/Autoloader.php(241): CodeIgniter\Autoloader\Autoloader->includeFile('/Applications/M...')
#1 /Applications/MAMP/htdocs/ci/system/Autoloader/Autoloader.php(219): CodeIgniter\Autoloader\Autoloader->loadInNamespace('App\\Models\\Invo...')
#2 [internal function]: CodeIgniter\Autoloader\Autoloader->loadClass('App\\Models\\Invo...')
#3 /Applications/MAMP/htdocs/ci/app/Controllers/InvoiceController.php(13): spl_autoload_call('App\\Models\\Invo...')
#4 /Applications/MAMP/htdocs/ci/system/CodeIgniter.php(801): App\Controllers\InvoiceController->__construct()
#5 /Applications/MAMP/htdocs/ci/system/CodeIgniter.php(401): CodeIgniter\CodeIgniter->createController()
#6 /Applications/MAMP/htdocs/ci/system/CodeIgniter.php(318): CodeIgniter\CodeIgniter->handleRequest(NULL, Object(Config\Cache), false)
#7 /Applications/MAMP/htdocs/ci/index.php(37): CodeIgniter\CodeIgniter->run()
#8 {main}
CRITICAL - 2021-11-27 23:44:40 --> syntax error, unexpected 'protected' (T_PROTECTED), expecting ';' or ','
#0 /Applications/MAMP/htdocs/ci/system/Autoloader/Autoloader.php(241): CodeIgniter\Autoloader\Autoloader->includeFile('/Applications/M...')
#1 /Applications/MAMP/htdocs/ci/system/Autoloader/Autoloader.php(219): CodeIgniter\Autoloader\Autoloader->loadInNamespace('App\\Models\\Invo...')
#2 [internal function]: CodeIgniter\Autoloader\Autoloader->loadClass('App\\Models\\Invo...')
#3 /Applications/MAMP/htdocs/ci/app/Controllers/InvoiceController.php(13): spl_autoload_call('App\\Models\\Invo...')
#4 /Applications/MAMP/htdocs/ci/system/CodeIgniter.php(801): App\Controllers\InvoiceController->__construct()
#5 /Applications/MAMP/htdocs/ci/system/CodeIgniter.php(401): CodeIgniter\CodeIgniter->createController()
#6 /Applications/MAMP/htdocs/ci/system/CodeIgniter.php(318): CodeIgniter\CodeIgniter->handleRequest(NULL, Object(Config\Cache), false)
#7 /Applications/MAMP/htdocs/ci/index.php(37): CodeIgniter\CodeIgniter->run()
#8 {main}
ERROR - 2021-11-27 23:46:09 --> Table 'invoice.invoice_details' doesn't exist
CRITICAL - 2021-11-27 23:56:15 --> count(): Parameter must be an array or an object that implements Countable
#0 [internal function]: CodeIgniter\Debug\Exceptions->errorHandler(2, 'count(): Parame...', '/Applications/M...', 29, Array)
#1 /Applications/MAMP/htdocs/ci/app/Controllers/InvoiceController.php(29): count(NULL)
#2 /Applications/MAMP/htdocs/ci/system/CodeIgniter.php(824): App\Controllers\InvoiceController->addInvoice()
#3 /Applications/MAMP/htdocs/ci/system/CodeIgniter.php(410): CodeIgniter\CodeIgniter->runController(Object(App\Controllers\InvoiceController))
#4 /Applications/MAMP/htdocs/ci/system/CodeIgniter.php(318): CodeIgniter\CodeIgniter->handleRequest(NULL, Object(Config\Cache), false)
#5 /Applications/MAMP/htdocs/ci/index.php(37): CodeIgniter\CodeIgniter->run()
#6 {main}
